{"/home/travis/build/npmtest/node-npmtest-node-webkit-updater/test.js":{"path":"/home/travis/build/npmtest/node-npmtest-node-webkit-updater/test.js","s":{"1":2,"2":2,"3":2,"4":2,"5":2,"6":2,"7":2,"8":1,"9":2,"10":2,"11":1,"12":1,"13":1,"14":1,"15":2,"16":2,"17":2,"18":2,"19":1,"20":1,"21":2,"22":2,"23":2,"24":1,"25":1,"26":1,"27":1,"28":1,"29":1,"30":1,"31":1,"32":1,"33":1,"34":1,"35":1,"36":1,"37":1,"38":1,"39":2,"40":2,"41":1,"42":2,"43":2,"44":1,"45":2,"46":2,"47":1,"48":2,"49":2,"50":1,"51":1,"52":1,"53":1,"54":1},"b":{"1":[2,1,1,1],"2":[1,1,1,1],"3":[1,1],"4":[1,1],"5":[1,1],"6":[1,1],"7":[1,1],"8":[1,1],"9":[1,1],"10":[1,1,1],"11":[1,1],"12":[1,1],"13":[1,1],"14":[1,1],"15":[1,1],"16":[1,1],"17":[1,1]},"f":{"1":2,"2":2,"3":2,"4":2,"5":2,"6":1,"7":1,"8":1,"9":2,"10":2,"11":2,"12":2,"13":1},"fnMap":{"1":{"name":"(anonymous_1)","line":12,"loc":{"start":{"line":12,"column":1},"end":{"line":12,"column":13}}},"2":{"name":"(anonymous_2)","line":19,"loc":{"start":{"line":19,"column":5},"end":{"line":19,"column":17}}},"3":{"name":"(anonymous_3)","line":23,"loc":{"start":{"line":23,"column":24},"end":{"line":23,"column":36}}},"4":{"name":"(anonymous_4)","line":61,"loc":{"start":{"line":61,"column":5},"end":{"line":61,"column":17}}},"5":{"name":"(anonymous_5)","line":82,"loc":{"start":{"line":82,"column":5},"end":{"line":82,"column":17}}},"6":{"name":"(anonymous_6)","line":91,"loc":{"start":{"line":91,"column":77},"end":{"line":94,"column":10}}},"7":{"name":"(anonymous_7)","line":112,"loc":{"start":{"line":112,"column":83},"end":{"line":115,"column":10}},"skip":true},"8":{"name":"(anonymous_8)","line":123,"loc":{"start":{"line":123,"column":77},"end":{"line":126,"column":10}},"skip":true},"9":{"name":"(anonymous_9)","line":139,"loc":{"start":{"line":139,"column":12},"end":{"line":139,"column":40}},"skip":true},"10":{"name":"(anonymous_10)","line":147,"loc":{"start":{"line":147,"column":77},"end":{"line":150,"column":10}},"skip":true},"11":{"name":"(anonymous_11)","line":158,"loc":{"start":{"line":158,"column":83},"end":{"line":161,"column":10}},"skip":true},"12":{"name":"(anonymous_12)","line":169,"loc":{"start":{"line":169,"column":79},"end":{"line":172,"column":10}},"skip":true},"13":{"name":"(anonymous_13)","line":180,"loc":{"start":{"line":180,"column":75},"end":{"line":183,"column":10}},"skip":true}},"statementMap":{"1":{"start":{"line":12,"column":0},"end":{"line":195,"column":5}},"2":{"start":{"line":14,"column":4},"end":{"line":14,"column":14}},"3":{"start":{"line":19,"column":4},"end":{"line":56,"column":9}},"4":{"start":{"line":21,"column":8},"end":{"line":21,"column":19}},"5":{"start":{"line":23,"column":8},"end":{"line":35,"column":13}},"6":{"start":{"line":24,"column":12},"end":{"line":34,"column":13}},"7":{"start":{"line":25,"column":16},"end":{"line":28,"column":30}},"8":{"start":{"line":30,"column":16},"end":{"line":33,"column":27}},"9":{"start":{"line":37,"column":8},"end":{"line":39,"column":21}},"10":{"start":{"line":40,"column":8},"end":{"line":53,"column":9}},"11":{"start":{"line":43,"column":12},"end":{"line":46,"column":14}},"12":{"start":{"line":47,"column":12},"end":{"line":47,"column":18}},"13":{"start":{"line":50,"column":12},"end":{"line":51,"column":33}},"14":{"start":{"line":52,"column":12},"end":{"line":52,"column":18}},"15":{"start":{"line":55,"column":8},"end":{"line":55,"column":35}},"16":{"start":{"line":61,"column":4},"end":{"line":63,"column":9}},"17":{"start":{"line":62,"column":8},"end":{"line":62,"column":15}},"18":{"start":{"line":64,"column":4},"end":{"line":77,"column":5}},"19":{"start":{"line":70,"column":8},"end":{"line":70,"column":14}},"20":{"start":{"line":76,"column":8},"end":{"line":76,"column":14}},"21":{"start":{"line":82,"column":4},"end":{"line":84,"column":9}},"22":{"start":{"line":83,"column":8},"end":{"line":83,"column":15}},"23":{"start":{"line":85,"column":4},"end":{"line":194,"column":5}},"24":{"start":{"line":91,"column":8},"end":{"line":99,"column":10}},"25":{"start":{"line":98,"column":12},"end":{"line":98,"column":35}},"26":{"start":{"line":102,"column":8},"end":{"line":104,"column":63}},"27":{"start":{"line":105,"column":8},"end":{"line":105,"column":14}},"28":{"start":{"line":112,"column":8},"end":{"line":121,"column":10},"skip":true},"29":{"start":{"line":119,"column":12},"end":{"line":119,"column":55},"skip":true},"30":{"start":{"line":120,"column":12},"end":{"line":120,"column":48},"skip":true},"31":{"start":{"line":123,"column":8},"end":{"line":136,"column":10},"skip":true},"32":{"start":{"line":130,"column":12},"end":{"line":130,"column":76},"skip":true},"33":{"start":{"line":131,"column":12},"end":{"line":131,"column":73},"skip":true},"34":{"start":{"line":132,"column":12},"end":{"line":132,"column":74},"skip":true},"35":{"start":{"line":133,"column":12},"end":{"line":133,"column":79},"skip":true},"36":{"start":{"line":134,"column":12},"end":{"line":134,"column":25},"skip":true},"37":{"start":{"line":135,"column":12},"end":{"line":135,"column":45},"skip":true},"38":{"start":{"line":138,"column":8},"end":{"line":145,"column":14},"skip":true},"39":{"start":{"line":143,"column":16},"end":{"line":143,"column":29},"skip":true},"40":{"start":{"line":144,"column":16},"end":{"line":144,"column":55},"skip":true},"41":{"start":{"line":147,"column":8},"end":{"line":156,"column":10},"skip":true},"42":{"start":{"line":154,"column":12},"end":{"line":154,"column":25},"skip":true},"43":{"start":{"line":155,"column":12},"end":{"line":155,"column":45},"skip":true},"44":{"start":{"line":158,"column":8},"end":{"line":167,"column":10},"skip":true},"45":{"start":{"line":165,"column":12},"end":{"line":165,"column":25},"skip":true},"46":{"start":{"line":166,"column":12},"end":{"line":166,"column":48},"skip":true},"47":{"start":{"line":169,"column":8},"end":{"line":178,"column":10},"skip":true},"48":{"start":{"line":176,"column":12},"end":{"line":176,"column":25},"skip":true},"49":{"start":{"line":177,"column":12},"end":{"line":177,"column":46},"skip":true},"50":{"start":{"line":180,"column":8},"end":{"line":189,"column":10},"skip":true},"51":{"start":{"line":187,"column":12},"end":{"line":187,"column":94},"skip":true},"52":{"start":{"line":188,"column":12},"end":{"line":188,"column":48},"skip":true},"53":{"start":{"line":192,"column":8},"end":{"line":192,"column":35},"skip":true},"54":{"start":{"line":193,"column":8},"end":{"line":193,"column":14},"skip":true}},"branchMap":{"1":{"line":25,"type":"binary-expr","locations":[{"start":{"line":25,"column":23},"end":{"line":25,"column":62}},{"start":{"line":26,"column":20},"end":{"line":26,"column":70}},{"start":{"line":27,"column":20},"end":{"line":27,"column":71}},{"start":{"line":28,"column":20},"end":{"line":28,"column":29}}]},"2":{"line":30,"type":"binary-expr","locations":[{"start":{"line":30,"column":23},"end":{"line":30,"column":37}},{"start":{"line":31,"column":20},"end":{"line":31,"column":61}},{"start":{"line":32,"column":20},"end":{"line":32,"column":70}},{"start":{"line":33,"column":20},"end":{"line":33,"column":26}}]},"3":{"line":37,"type":"cond-expr","locations":[{"start":{"line":38,"column":14},"end":{"line":38,"column":20}},{"start":{"line":39,"column":14},"end":{"line":39,"column":20}}]},"4":{"line":40,"type":"switch","locations":[{"start":{"line":42,"column":8},"end":{"line":47,"column":18}},{"start":{"line":49,"column":8},"end":{"line":52,"column":18}}]},"5":{"line":44,"type":"binary-expr","locations":[{"start":{"line":44,"column":16},"end":{"line":44,"column":44}},{"start":{"line":44,"column":48},"end":{"line":44,"column":66}}]},"6":{"line":50,"type":"binary-expr","locations":[{"start":{"line":50,"column":21},"end":{"line":50,"column":49}},{"start":{"line":50,"column":53},"end":{"line":50,"column":72}}]},"7":{"line":64,"type":"switch","locations":[{"start":{"line":69,"column":4},"end":{"line":70,"column":14}},{"start":{"line":75,"column":4},"end":{"line":76,"column":14}}]},"8":{"line":85,"type":"switch","locations":[{"start":{"line":90,"column":4},"end":{"line":105,"column":14}},{"start":{"line":111,"column":4},"end":{"line":193,"column":14},"skip":true}]},"9":{"line":91,"type":"binary-expr","locations":[{"start":{"line":91,"column":42},"end":{"line":91,"column":73}},{"start":{"line":91,"column":77},"end":{"line":99,"column":9}}]},"10":{"line":102,"type":"binary-expr","locations":[{"start":{"line":102,"column":18},"end":{"line":102,"column":32}},{"start":{"line":103,"column":12},"end":{"line":103,"column":53}},{"start":{"line":104,"column":12},"end":{"line":104,"column":61}}]},"11":{"line":112,"type":"binary-expr","locations":[{"start":{"line":112,"column":45},"end":{"line":112,"column":79},"skip":true},{"start":{"line":112,"column":83},"end":{"line":121,"column":9},"skip":true}]},"12":{"line":123,"type":"binary-expr","locations":[{"start":{"line":123,"column":42},"end":{"line":123,"column":73},"skip":true},{"start":{"line":123,"column":77},"end":{"line":136,"column":9},"skip":true}]},"13":{"line":138,"type":"binary-expr","locations":[{"start":{"line":138,"column":48},"end":{"line":138,"column":85},"skip":true},{"start":{"line":139,"column":12},"end":{"line":145,"column":13},"skip":true}]},"14":{"line":147,"type":"binary-expr","locations":[{"start":{"line":147,"column":42},"end":{"line":147,"column":73},"skip":true},{"start":{"line":147,"column":77},"end":{"line":156,"column":9},"skip":true}]},"15":{"line":158,"type":"binary-expr","locations":[{"start":{"line":158,"column":45},"end":{"line":158,"column":79},"skip":true},{"start":{"line":158,"column":83},"end":{"line":167,"column":9},"skip":true}]},"16":{"line":169,"type":"binary-expr","locations":[{"start":{"line":169,"column":43},"end":{"line":169,"column":75},"skip":true},{"start":{"line":169,"column":79},"end":{"line":178,"column":9},"skip":true}]},"17":{"line":180,"type":"binary-expr","locations":[{"start":{"line":180,"column":41},"end":{"line":180,"column":71},"skip":true},{"start":{"line":180,"column":75},"end":{"line":189,"column":9},"skip":true}]}},"code":["/* istanbul instrument in package npmtest_node_webkit_updater */","/*jslint","    bitwise: true,","    browser: true,","    maxerr: 8,","    maxlen: 96,","    node: true,","    nomen: true,","    regexp: true,","    stupid: true","*/","(function () {","    'use strict';","    var local;","","","","    // run shared js-env code - init-before","    (function () {","        // init local","        local = {};","        // init modeJs","        local.modeJs = (function () {","            try {","                return typeof navigator.userAgent === 'string' &&","                    typeof document.querySelector('body') === 'object' &&","                    typeof XMLHttpRequest.prototype.open === 'function' &&","                    'browser';","            } catch (errorCaughtBrowser) {","                return module.exports &&","                    typeof process.versions.node === 'string' &&","                    typeof require('http').createServer === 'function' &&","                    'node';","            }","        }());","        // init global","        local.global = local.modeJs === 'browser'","            ? window","            : global;","        switch (local.modeJs) {","        // re-init local from window.local","        case 'browser':","            local = local.global.utility2.objectSetDefault(","                local.global.utility2_rollup || local.global.local,","                local.global.utility2","            );","            break;","        // re-init local from example.js","        case 'node':","            local = (local.global.utility2_rollup || require('utility2'))","                .requireReadme();","            break;","        }","        // export local","        local.global.local = local;","    }());","","","","    // run shared js-env code - function","    (function () {","        return;","    }());","    switch (local.modeJs) {","","","","    // run browser js-env code - function","    case 'browser':","        break;","","","","    // run node js-env code - function","    case 'node':","        break;","    }","","","","    // run shared js-env code - init-after","    (function () {","        return;","    }());","    switch (local.modeJs) {","","","","    // run browser js-env code - init-after","    case 'browser':","        local.testCase_browser_nullCase = local.testCase_browser_nullCase || function (","            options,","            onError","        ) {","        /*","         * this function will test browsers's null-case handling-behavior-behavior","         */","            onError(null, options);","        };","","        // run tests","        local.nop(local.modeTest &&","            document.querySelector('#testRunButton1') &&","            document.querySelector('#testRunButton1').click());","        break;","","","","    // run node js-env code - init-after","    /* istanbul ignore next */","    case 'node':","        local.testCase_buildApidoc_default = local.testCase_buildApidoc_default || function (","            options,","            onError","        ) {","        /*","         * this function will test buildApidoc's default handling-behavior-behavior","         */","            options = { modulePathList: module.paths };","            local.buildApidoc(options, onError);","        };","","        local.testCase_buildApp_default = local.testCase_buildApp_default || function (","            options,","            onError","        ) {","        /*","         * this function will test buildApp's default handling-behavior-behavior","         */","            local.testCase_buildReadme_default(options, local.onErrorThrow);","            local.testCase_buildLib_default(options, local.onErrorThrow);","            local.testCase_buildTest_default(options, local.onErrorThrow);","            local.testCase_buildCustomOrg_default(options, local.onErrorThrow);","            options = [];","            local.buildApp(options, onError);","        };","","        local.testCase_buildCustomOrg_default = local.testCase_buildCustomOrg_default ||","            function (options, onError) {","            /*","             * this function will test buildCustomOrg's default handling-behavior","             */","                options = {};","                local.buildCustomOrg(options, onError);","            };","","        local.testCase_buildLib_default = local.testCase_buildLib_default || function (","            options,","            onError","        ) {","        /*","         * this function will test buildLib's default handling-behavior","         */","            options = {};","            local.buildLib(options, onError);","        };","","        local.testCase_buildReadme_default = local.testCase_buildReadme_default || function (","            options,","            onError","        ) {","        /*","         * this function will test buildReadme's default handling-behavior-behavior","         */","            options = {};","            local.buildReadme(options, onError);","        };","","        local.testCase_buildTest_default = local.testCase_buildTest_default || function (","            options,","            onError","        ) {","        /*","         * this function will test buildTest's default handling-behavior","         */","            options = {};","            local.buildTest(options, onError);","        };","","        local.testCase_webpage_default = local.testCase_webpage_default || function (","            options,","            onError","        ) {","        /*","         * this function will test webpage's default handling-behavior","         */","            options = { modeCoverageMerge: true, url: local.serverLocalHost + '?modeTest=1' };","            local.browserTest(options, onError);","        };","","        // run test-server","        local.testRunServer(local);","        break;","    }","}());",""],"l":{"12":2,"14":2,"19":2,"21":2,"23":2,"24":2,"25":2,"30":1,"37":2,"40":2,"43":1,"47":1,"50":1,"52":1,"55":2,"61":2,"62":2,"64":2,"70":1,"76":1,"82":2,"83":2,"85":2,"91":1,"98":1,"102":1,"105":1,"112":1,"119":1,"120":1,"123":1,"130":1,"131":1,"132":1,"133":1,"134":1,"135":1,"138":1,"143":2,"144":2,"147":1,"154":2,"155":2,"158":1,"165":2,"166":2,"169":1,"176":2,"177":2,"180":1,"187":1,"188":1,"192":1,"193":1}},"/home/travis/build/npmtest/node-npmtest-node-webkit-updater/lib.npmtest_node_webkit_updater.js":{"path":"/home/travis/build/npmtest/node-npmtest-node-webkit-updater/lib.npmtest_node_webkit_updater.js","s":{"1":2,"2":2,"3":2,"4":2,"5":2,"6":2,"7":2,"8":1,"9":2,"10":2,"11":2,"12":2,"13":1,"14":1,"15":1,"16":1},"b":{"1":[2,1,1,1],"2":[1,1,1,1],"3":[1,1],"4":[2,2],"5":[1,1]},"f":{"1":2,"2":2,"3":2},"fnMap":{"1":{"name":"(anonymous_1)","line":12,"loc":{"start":{"line":12,"column":1},"end":{"line":12,"column":13}}},"2":{"name":"(anonymous_2)","line":19,"loc":{"start":{"line":19,"column":5},"end":{"line":19,"column":17}}},"3":{"name":"(anonymous_3)","line":23,"loc":{"start":{"line":23,"column":24},"end":{"line":23,"column":36}}}},"statementMap":{"1":{"start":{"line":12,"column":0},"end":{"line":53,"column":5}},"2":{"start":{"line":14,"column":4},"end":{"line":14,"column":14}},"3":{"start":{"line":19,"column":4},"end":{"line":52,"column":9}},"4":{"start":{"line":21,"column":8},"end":{"line":21,"column":19}},"5":{"start":{"line":23,"column":8},"end":{"line":35,"column":13}},"6":{"start":{"line":24,"column":12},"end":{"line":34,"column":13}},"7":{"start":{"line":25,"column":16},"end":{"line":28,"column":30}},"8":{"start":{"line":30,"column":16},"end":{"line":33,"column":27}},"9":{"start":{"line":37,"column":8},"end":{"line":39,"column":21}},"10":{"start":{"line":41,"column":8},"end":{"line":41,"column":54}},"11":{"start":{"line":43,"column":8},"end":{"line":43,"column":64}},"12":{"start":{"line":45,"column":8},"end":{"line":51,"column":9}},"13":{"start":{"line":46,"column":12},"end":{"line":46,"column":70}},"14":{"start":{"line":48,"column":12},"end":{"line":48,"column":35}},"15":{"start":{"line":49,"column":12},"end":{"line":49,"column":49}},"16":{"start":{"line":50,"column":12},"end":{"line":50,"column":43}}},"branchMap":{"1":{"line":25,"type":"binary-expr","locations":[{"start":{"line":25,"column":23},"end":{"line":25,"column":62}},{"start":{"line":26,"column":20},"end":{"line":26,"column":70}},{"start":{"line":27,"column":20},"end":{"line":27,"column":71}},{"start":{"line":28,"column":20},"end":{"line":28,"column":29}}]},"2":{"line":30,"type":"binary-expr","locations":[{"start":{"line":30,"column":23},"end":{"line":30,"column":37}},{"start":{"line":31,"column":20},"end":{"line":31,"column":61}},{"start":{"line":32,"column":20},"end":{"line":32,"column":70}},{"start":{"line":33,"column":20},"end":{"line":33,"column":26}}]},"3":{"line":37,"type":"cond-expr","locations":[{"start":{"line":38,"column":14},"end":{"line":38,"column":20}},{"start":{"line":39,"column":14},"end":{"line":39,"column":20}}]},"4":{"line":41,"type":"binary-expr","locations":[{"start":{"line":41,"column":16},"end":{"line":41,"column":44}},{"start":{"line":41,"column":48},"end":{"line":41,"column":53}}]},"5":{"line":45,"type":"if","locations":[{"start":{"line":45,"column":8},"end":{"line":45,"column":8}},{"start":{"line":45,"column":8},"end":{"line":45,"column":8}}]}},"code":["/* istanbul instrument in package npmtest_node_webkit_updater */","/*jslint","    bitwise: true,","    browser: true,","    maxerr: 8,","    maxlen: 96,","    node: true,","    nomen: true,","    regexp: true,","    stupid: true","*/","(function () {","    'use strict';","    var local;","","","","    // run shared js-env code - init-before","    (function () {","        // init local","        local = {};","        // init modeJs","        local.modeJs = (function () {","            try {","                return typeof navigator.userAgent === 'string' &&","                    typeof document.querySelector('body') === 'object' &&","                    typeof XMLHttpRequest.prototype.open === 'function' &&","                    'browser';","            } catch (errorCaughtBrowser) {","                return module.exports &&","                    typeof process.versions.node === 'string' &&","                    typeof require('http').createServer === 'function' &&","                    'node';","            }","        }());","        // init global","        local.global = local.modeJs === 'browser'","            ? window","            : global;","        // init utility2_rollup","        local = local.global.utility2_rollup || local;","        // init lib","        local.local = local.npmtest_node_webkit_updater = local;","        // init exports","        if (local.modeJs === 'browser') {","            local.global.utility2_npmtest_node_webkit_updater = local;","        } else {","            module.exports = local;","            module.exports.__dirname = __dirname;","            module.exports.module = module;","        }","    }());","}());",""],"l":{"12":2,"14":2,"19":2,"21":2,"23":2,"24":2,"25":2,"30":1,"37":2,"41":2,"43":2,"45":2,"46":1,"48":1,"49":1,"50":1}},"/home/travis/build/npmtest/node-npmtest-node-webkit-updater/example.js":{"path":"/home/travis/build/npmtest/node-npmtest-node-webkit-updater/example.js","s":{"1":2,"2":2,"3":2,"4":2,"5":2,"6":2,"7":2,"8":1,"9":2,"10":2,"11":2,"12":2,"13":1,"14":2,"15":2,"16":2,"17":2,"18":2,"19":0,"20":2,"21":1,"22":1,"23":1,"24":1,"25":1,"26":0,"27":0,"28":1,"29":1,"30":2,"31":0,"32":0,"33":0,"34":1,"35":2,"36":2,"37":3,"38":3,"39":3,"40":3,"41":0,"42":3,"43":3,"44":3,"45":1,"46":3,"47":1,"48":1,"49":1,"50":1,"51":1,"52":1,"53":1,"54":1,"55":1,"56":1,"57":0,"58":1,"59":6,"60":6,"61":1,"62":2,"63":0,"64":2,"65":1,"66":1,"67":0,"68":0,"69":0,"70":0,"71":0,"72":0,"73":0,"74":0,"75":0,"76":0,"77":0,"78":0,"79":0,"80":0,"81":0,"82":0,"83":0},"b":{"1":[2,1,1,1],"2":[1,1,1,1],"3":[1,1],"4":[2,2],"5":[1,1],"6":[1,1],"7":[2,0],"8":[2,1,1,1,1,1],"9":[0,2,0],"10":[1,1],"11":[2,1,1],"12":[1,0],"13":[0,2],"14":[2,0,0,0,0,0,0],"15":[0,3],"16":[3,0],"17":[1,1],"18":[0,1],"19":[1,2,0,2],"20":[1,0],"21":[1,1],"22":[0,0],"23":[0,0],"24":[0,0],"25":[0,0],"26":[0,0],"27":[0,0],"28":[0,0]},"f":{"1":2,"2":2,"3":2,"4":2,"5":2,"6":2,"7":3,"8":3,"9":3,"10":1,"11":6,"12":0},"fnMap":{"1":{"name":"(anonymous_1)","line":26,"loc":{"start":{"line":26,"column":1},"end":{"line":26,"column":13}}},"2":{"name":"(anonymous_2)","line":33,"loc":{"start":{"line":33,"column":5},"end":{"line":33,"column":17}}},"3":{"name":"(anonymous_3)","line":37,"loc":{"start":{"line":37,"column":24},"end":{"line":37,"column":36}}},"4":{"name":"(anonymous_4)","line":69,"loc":{"start":{"line":69,"column":31},"end":{"line":69,"column":48}},"skip":true},"5":{"name":"(anonymous_5)","line":78,"loc":{"start":{"line":78,"column":26},"end":{"line":78,"column":45}},"skip":true},"6":{"name":"(anonymous_6)","line":123,"loc":{"start":{"line":123,"column":33},"end":{"line":123,"column":48}},"skip":true},"7":{"name":"(anonymous_7)","line":125,"loc":{"start":{"line":125,"column":27},"end":{"line":125,"column":39}},"skip":true},"8":{"name":"(anonymous_8)","line":133,"loc":{"start":{"line":133,"column":59},"end":{"line":133,"column":74}},"skip":true},"9":{"name":"(anonymous_9)","line":143,"loc":{"start":{"line":143,"column":45},"end":{"line":143,"column":62}},"skip":true},"10":{"name":"(anonymous_10)","line":144,"loc":{"start":{"line":144,"column":73},"end":{"line":144,"column":92}},"skip":true},"11":{"name":"(anonymous_11)","line":272,"loc":{"start":{"line":272,"column":51},"end":{"line":272,"column":77}},"skip":true},"12":{"name":"(anonymous_12)","line":315,"loc":{"start":{"line":315,"column":32},"end":{"line":315,"column":61}},"skip":true}},"statementMap":{"1":{"start":{"line":26,"column":0},"end":{"line":326,"column":5}},"2":{"start":{"line":28,"column":4},"end":{"line":28,"column":14}},"3":{"start":{"line":33,"column":4},"end":{"line":60,"column":9}},"4":{"start":{"line":35,"column":8},"end":{"line":35,"column":19}},"5":{"start":{"line":37,"column":8},"end":{"line":49,"column":13}},"6":{"start":{"line":38,"column":12},"end":{"line":48,"column":13}},"7":{"start":{"line":39,"column":16},"end":{"line":42,"column":30}},"8":{"start":{"line":44,"column":16},"end":{"line":47,"column":27}},"9":{"start":{"line":51,"column":8},"end":{"line":53,"column":21}},"10":{"start":{"line":55,"column":8},"end":{"line":57,"column":45}},"11":{"start":{"line":59,"column":8},"end":{"line":59,"column":35}},"12":{"start":{"line":61,"column":4},"end":{"line":325,"column":5}},"13":{"start":{"line":69,"column":8},"end":{"line":121,"column":10},"skip":true},"14":{"start":{"line":70,"column":12},"end":{"line":88,"column":13},"skip":true},"15":{"start":{"line":76,"column":16},"end":{"line":87,"column":19},"skip":true},"16":{"start":{"line":79,"column":20},"end":{"line":86,"column":21},"skip":true},"17":{"start":{"line":82,"column":24},"end":{"line":82,"column":43},"skip":true},"18":{"start":{"line":83,"column":24},"end":{"line":83,"column":30},"skip":true},"19":{"start":{"line":85,"column":24},"end":{"line":85,"column":49},"skip":true},"20":{"start":{"line":89,"column":12},"end":{"line":107,"column":13},"skip":true},"21":{"start":{"line":92,"column":16},"end":{"line":102,"column":17},"skip":true},"22":{"start":{"line":93,"column":20},"end":{"line":93,"column":86},"skip":true},"23":{"start":{"line":94,"column":20},"end":{"line":95,"column":45},"skip":true},"24":{"start":{"line":96,"column":20},"end":{"line":96,"column":42},"skip":true},"25":{"start":{"line":97,"column":20},"end":{"line":97,"column":48},"skip":true},"26":{"start":{"line":100,"column":20},"end":{"line":100,"column":85},"skip":true},"27":{"start":{"line":101,"column":20},"end":{"line":101,"column":96},"skip":true},"28":{"start":{"line":103,"column":16},"end":{"line":103,"column":22},"skip":true},"29":{"start":{"line":106,"column":16},"end":{"line":106,"column":22},"skip":true},"30":{"start":{"line":108,"column":12},"end":{"line":120,"column":13},"skip":true},"31":{"start":{"line":114,"column":16},"end":{"line":119,"column":17},"skip":true},"32":{"start":{"line":116,"column":20},"end":{"line":116,"column":78},"skip":true},"33":{"start":{"line":118,"column":20},"end":{"line":118,"column":47},"skip":true},"34":{"start":{"line":123,"column":8},"end":{"line":141,"column":11},"skip":true},"35":{"start":{"line":124,"column":12},"end":{"line":124,"column":54},"skip":true},"36":{"start":{"line":125,"column":12},"end":{"line":140,"column":14},"skip":true},"37":{"start":{"line":126,"column":16},"end":{"line":126,"column":28},"skip":true},"38":{"start":{"line":127,"column":16},"end":{"line":127,"column":69},"skip":true},"39":{"start":{"line":128,"column":16},"end":{"line":128,"column":75},"skip":true},"40":{"start":{"line":129,"column":16},"end":{"line":131,"column":17},"skip":true},"41":{"start":{"line":130,"column":20},"end":{"line":130,"column":27},"skip":true},"42":{"start":{"line":133,"column":16},"end":{"line":137,"column":36},"skip":true},"43":{"start":{"line":134,"column":20},"end":{"line":136,"column":55},"skip":true},"44":{"start":{"line":139,"column":16},"end":{"line":139,"column":57},"skip":true},"45":{"start":{"line":143,"column":8},"end":{"line":147,"column":11},"skip":true},"46":{"start":{"line":144,"column":12},"end":{"line":146,"column":15},"skip":true},"47":{"start":{"line":145,"column":16},"end":{"line":145,"column":70},"skip":true},"48":{"start":{"line":149,"column":8},"end":{"line":149,"column":31},"skip":true},"49":{"start":{"line":150,"column":8},"end":{"line":150,"column":14},"skip":true},"50":{"start":{"line":158,"column":8},"end":{"line":158,"column":31},"skip":true},"51":{"start":{"line":160,"column":8},"end":{"line":160,"column":33},"skip":true},"52":{"start":{"line":161,"column":8},"end":{"line":161,"column":37},"skip":true},"53":{"start":{"line":162,"column":8},"end":{"line":162,"column":35},"skip":true},"54":{"start":{"line":164,"column":8},"end":{"line":164,"column":50},"skip":true},"55":{"start":{"line":166,"column":8},"end":{"line":256,"column":2},"skip":true},"56":{"start":{"line":258,"column":8},"end":{"line":286,"column":9},"skip":true},"57":{"start":{"line":259,"column":12},"end":{"line":269,"column":14},"skip":true},"58":{"start":{"line":271,"column":12},"end":{"line":285,"column":19},"skip":true},"59":{"start":{"line":274,"column":20},"end":{"line":274,"column":35},"skip":true},"60":{"start":{"line":275,"column":20},"end":{"line":284,"column":21},"skip":true},"61":{"start":{"line":277,"column":24},"end":{"line":277,"column":64},"skip":true},"62":{"start":{"line":279,"column":24},"end":{"line":279,"column":40},"skip":true},"63":{"start":{"line":281,"column":24},"end":{"line":281,"column":40},"skip":true},"64":{"start":{"line":283,"column":24},"end":{"line":283,"column":39},"skip":true},"65":{"start":{"line":288,"column":8},"end":{"line":290,"column":9},"skip":true},"66":{"start":{"line":289,"column":12},"end":{"line":289,"column":18},"skip":true},"67":{"start":{"line":291,"column":8},"end":{"line":293,"column":54},"skip":true},"68":{"start":{"line":296,"column":8},"end":{"line":301,"column":37},"skip":true},"69":{"start":{"line":303,"column":8},"end":{"line":303,"column":82},"skip":true},"70":{"start":{"line":306,"column":8},"end":{"line":308,"column":9},"skip":true},"71":{"start":{"line":307,"column":12},"end":{"line":307,"column":82},"skip":true},"72":{"start":{"line":310,"column":8},"end":{"line":312,"column":9},"skip":true},"73":{"start":{"line":311,"column":12},"end":{"line":311,"column":18},"skip":true},"74":{"start":{"line":313,"column":8},"end":{"line":313,"column":54},"skip":true},"75":{"start":{"line":314,"column":8},"end":{"line":314,"column":69},"skip":true},"76":{"start":{"line":315,"column":8},"end":{"line":323,"column":36},"skip":true},"77":{"start":{"line":316,"column":12},"end":{"line":316,"column":61},"skip":true},"78":{"start":{"line":317,"column":12},"end":{"line":320,"column":13},"skip":true},"79":{"start":{"line":318,"column":16},"end":{"line":318,"column":75},"skip":true},"80":{"start":{"line":319,"column":16},"end":{"line":319,"column":23},"skip":true},"81":{"start":{"line":321,"column":12},"end":{"line":321,"column":38},"skip":true},"82":{"start":{"line":322,"column":12},"end":{"line":322,"column":27},"skip":true},"83":{"start":{"line":324,"column":8},"end":{"line":324,"column":14},"skip":true}},"branchMap":{"1":{"line":39,"type":"binary-expr","locations":[{"start":{"line":39,"column":23},"end":{"line":39,"column":62}},{"start":{"line":40,"column":20},"end":{"line":40,"column":70}},{"start":{"line":41,"column":20},"end":{"line":41,"column":71}},{"start":{"line":42,"column":20},"end":{"line":42,"column":29}}]},"2":{"line":44,"type":"binary-expr","locations":[{"start":{"line":44,"column":23},"end":{"line":44,"column":37}},{"start":{"line":45,"column":20},"end":{"line":45,"column":61}},{"start":{"line":46,"column":20},"end":{"line":46,"column":70}},{"start":{"line":47,"column":20},"end":{"line":47,"column":26}}]},"3":{"line":51,"type":"cond-expr","locations":[{"start":{"line":52,"column":14},"end":{"line":52,"column":20}},{"start":{"line":53,"column":14},"end":{"line":53,"column":20}}]},"4":{"line":55,"type":"binary-expr","locations":[{"start":{"line":55,"column":16},"end":{"line":55,"column":44}},{"start":{"line":55,"column":49},"end":{"line":57,"column":43}}]},"5":{"line":55,"type":"cond-expr","locations":[{"start":{"line":56,"column":14},"end":{"line":56,"column":63}},{"start":{"line":57,"column":14},"end":{"line":57,"column":43}}]},"6":{"line":61,"type":"switch","locations":[{"start":{"line":68,"column":4},"end":{"line":150,"column":14},"skip":true},{"start":{"line":156,"column":4},"end":{"line":324,"column":14},"skip":true}]},"7":{"line":70,"type":"if","locations":[{"start":{"line":70,"column":12},"end":{"line":70,"column":12},"skip":true},{"start":{"line":70,"column":12},"end":{"line":70,"column":12},"skip":true}]},"8":{"line":70,"type":"binary-expr","locations":[{"start":{"line":70,"column":16},"end":{"line":70,"column":22},"skip":true},{"start":{"line":70,"column":27},"end":{"line":70,"column":32},"skip":true},{"start":{"line":71,"column":20},"end":{"line":71,"column":39},"skip":true},{"start":{"line":72,"column":20},"end":{"line":72,"column":49},"skip":true},{"start":{"line":73,"column":20},"end":{"line":73,"column":58},"skip":true},{"start":{"line":74,"column":20},"end":{"line":74,"column":69},"skip":true}]},"9":{"line":79,"type":"switch","locations":[{"start":{"line":80,"column":20},"end":{"line":80,"column":33},"skip":true},{"start":{"line":81,"column":20},"end":{"line":83,"column":30},"skip":true},{"start":{"line":84,"column":20},"end":{"line":85,"column":49},"skip":true}]},"10":{"line":89,"type":"switch","locations":[{"start":{"line":90,"column":12},"end":{"line":103,"column":22},"skip":true},{"start":{"line":105,"column":12},"end":{"line":106,"column":22},"skip":true}]},"11":{"line":89,"type":"binary-expr","locations":[{"start":{"line":89,"column":20},"end":{"line":89,"column":25},"skip":true},{"start":{"line":89,"column":29},"end":{"line":89,"column":48},"skip":true},{"start":{"line":89,"column":52},"end":{"line":89,"column":74},"skip":true}]},"12":{"line":92,"type":"if","locations":[{"start":{"line":92,"column":16},"end":{"line":92,"column":16},"skip":true},{"start":{"line":92,"column":16},"end":{"line":92,"column":16},"skip":true}]},"13":{"line":108,"type":"if","locations":[{"start":{"line":108,"column":12},"end":{"line":108,"column":12},"skip":true},{"start":{"line":108,"column":12},"end":{"line":108,"column":12},"skip":true}]},"14":{"line":108,"type":"binary-expr","locations":[{"start":{"line":108,"column":16},"end":{"line":108,"column":61},"skip":true},{"start":{"line":108,"column":66},"end":{"line":108,"column":72},"skip":true},{"start":{"line":108,"column":77},"end":{"line":108,"column":82},"skip":true},{"start":{"line":109,"column":20},"end":{"line":109,"column":39},"skip":true},{"start":{"line":110,"column":20},"end":{"line":110,"column":49},"skip":true},{"start":{"line":111,"column":20},"end":{"line":111,"column":58},"skip":true},{"start":{"line":112,"column":20},"end":{"line":112,"column":68},"skip":true}]},"15":{"line":129,"type":"if","locations":[{"start":{"line":129,"column":16},"end":{"line":129,"column":16},"skip":true},{"start":{"line":129,"column":16},"end":{"line":129,"column":16},"skip":true}]},"16":{"line":134,"type":"cond-expr","locations":[{"start":{"line":135,"column":26},"end":{"line":135,"column":29},"skip":true},{"start":{"line":136,"column":26},"end":{"line":136,"column":54},"skip":true}]},"17":{"line":164,"type":"binary-expr","locations":[{"start":{"line":164,"column":27},"end":{"line":164,"column":43},"skip":true},{"start":{"line":164,"column":47},"end":{"line":164,"column":49},"skip":true}]},"18":{"line":258,"type":"if","locations":[{"start":{"line":258,"column":8},"end":{"line":258,"column":8},"skip":true},{"start":{"line":258,"column":8},"end":{"line":258,"column":8},"skip":true}]},"19":{"line":275,"type":"switch","locations":[{"start":{"line":276,"column":20},"end":{"line":277,"column":64},"skip":true},{"start":{"line":278,"column":20},"end":{"line":279,"column":40},"skip":true},{"start":{"line":280,"column":20},"end":{"line":281,"column":40},"skip":true},{"start":{"line":282,"column":20},"end":{"line":283,"column":39},"skip":true}]},"20":{"line":288,"type":"if","locations":[{"start":{"line":288,"column":8},"end":{"line":288,"column":8},"skip":true},{"start":{"line":288,"column":8},"end":{"line":288,"column":8},"skip":true}]},"21":{"line":288,"type":"binary-expr","locations":[{"start":{"line":288,"column":12},"end":{"line":288,"column":40},"skip":true},{"start":{"line":288,"column":44},"end":{"line":288,"column":67},"skip":true}]},"22":{"line":292,"type":"binary-expr","locations":[{"start":{"line":292,"column":12},"end":{"line":292,"column":50},"skip":true},{"start":{"line":293,"column":12},"end":{"line":293,"column":53},"skip":true}]},"23":{"line":297,"type":"binary-expr","locations":[{"start":{"line":297,"column":12},"end":{"line":297,"column":77},"skip":true},{"start":{"line":298,"column":12},"end":{"line":301,"column":36},"skip":true}]},"24":{"line":303,"type":"binary-expr","locations":[{"start":{"line":303,"column":43},"end":{"line":303,"column":75},"skip":true},{"start":{"line":303,"column":79},"end":{"line":303,"column":81},"skip":true}]},"25":{"line":306,"type":"if","locations":[{"start":{"line":306,"column":8},"end":{"line":306,"column":8},"skip":true},{"start":{"line":306,"column":8},"end":{"line":306,"column":8},"skip":true}]},"26":{"line":310,"type":"if","locations":[{"start":{"line":310,"column":8},"end":{"line":310,"column":8},"skip":true},{"start":{"line":310,"column":8},"end":{"line":310,"column":8},"skip":true}]},"27":{"line":313,"type":"binary-expr","locations":[{"start":{"line":313,"column":27},"end":{"line":313,"column":43},"skip":true},{"start":{"line":313,"column":47},"end":{"line":313,"column":53},"skip":true}]},"28":{"line":317,"type":"if","locations":[{"start":{"line":317,"column":12},"end":{"line":317,"column":12},"skip":true},{"start":{"line":317,"column":12},"end":{"line":317,"column":12},"skip":true}]}},"code":["/*","example.js","","quickstart example","","instruction","    1. save this script as example.js","    2. run the shell command:","        $ npm install npmtest-node-webkit-updater && PORT=8081 node example.js","    3. play with the browser-demo on http://127.0.0.1:8081","*/","","","","/* istanbul instrument in package npmtest_node_webkit_updater */","/*jslint","    bitwise: true,","    browser: true,","    maxerr: 8,","    maxlen: 96,","    node: true,","    nomen: true,","    regexp: true,","    stupid: true","*/","(function () {","    'use strict';","    var local;","","","","    // run shared js-env code - init-before","    (function () {","        // init local","        local = {};","        // init modeJs","        local.modeJs = (function () {","            try {","                return typeof navigator.userAgent === 'string' &&","                    typeof document.querySelector('body') === 'object' &&","                    typeof XMLHttpRequest.prototype.open === 'function' &&","                    'browser';","            } catch (errorCaughtBrowser) {","                return module.exports &&","                    typeof process.versions.node === 'string' &&","                    typeof require('http').createServer === 'function' &&","                    'node';","            }","        }());","        // init global","        local.global = local.modeJs === 'browser'","            ? window","            : global;","        // init utility2_rollup","        local = local.global.utility2_rollup || (local.modeJs === 'browser'","            ? local.global.utility2_npmtest_node_webkit_updater","            : global.utility2_moduleExports);","        // export local","        local.global.local = local;","    }());","    switch (local.modeJs) {","","","","    // init-after","    // run browser js-env code - init-after","    /* istanbul ignore next */","    case 'browser':","        local.testRunBrowser = function (event) {","            if (!event || (event &&","                    event.currentTarget &&","                    event.currentTarget.className &&","                    event.currentTarget.className.includes &&","                    event.currentTarget.className.includes('onreset'))) {","                // reset output","                Array.from(","                    document.querySelectorAll('body > .resettable')","                ).forEach(function (element) {","                    switch (element.tagName) {","                    case 'INPUT':","                    case 'TEXTAREA':","                        element.value = '';","                        break;","                    default:","                        element.textContent = '';","                    }","                });","            }","            switch (event && event.currentTarget && event.currentTarget.id) {","            case 'testRunButton1':","                // show tests","                if (document.querySelector('#testReportDiv1').style.display === 'none') {","                    document.querySelector('#testReportDiv1').style.display = 'block';","                    document.querySelector('#testRunButton1').textContent =","                        'hide internal test';","                    local.modeTest = true;","                    local.testRunDefault(local);","                // hide tests","                } else {","                    document.querySelector('#testReportDiv1').style.display = 'none';","                    document.querySelector('#testRunButton1').textContent = 'run internal test';","                }","                break;","            // custom-case","            default:","                break;","            }","            if (document.querySelector('#inputTextareaEval1') && (!event || (event &&","                    event.currentTarget &&","                    event.currentTarget.className &&","                    event.currentTarget.className.includes &&","                    event.currentTarget.className.includes('oneval')))) {","                // try to eval input-code","                try {","                    /*jslint evil: true*/","                    eval(document.querySelector('#inputTextareaEval1').value);","                } catch (errorCaught) {","                    console.error(errorCaught);","                }","            }","        };","        // log stderr and stdout to #outputTextareaStdout1","        ['error', 'log'].forEach(function (key) {","            console[key + '_original'] = console[key];","            console[key] = function () {","                var element;","                console[key + '_original'].apply(console, arguments);","                element = document.querySelector('#outputTextareaStdout1');","                if (!element) {","                    return;","                }","                // append text to #outputTextareaStdout1","                element.value += Array.from(arguments).map(function (arg) {","                    return typeof arg === 'string'","                        ? arg","                        : JSON.stringify(arg, null, 4);","                }).join(' ') + '\\n';","                // scroll textarea to bottom","                element.scrollTop = element.scrollHeight;","            };","        });","        // init event-handling","        ['change', 'click', 'keyup'].forEach(function (event) {","            Array.from(document.querySelectorAll('.on' + event)).forEach(function (element) {","                element.addEventListener(event, local.testRunBrowser);","            });","        });","        // run tests","        local.testRunBrowser();","        break;","","","","    // run node js-env code - init-after","    /* istanbul ignore next */","    case 'node':","        // export local","        module.exports = local;","        // require modules","        local.fs = require('fs');","        local.http = require('http');","        local.url = require('url');","        // init assets","        local.assetsDict = local.assetsDict || {};","        /* jslint-ignore-begin */","        local.assetsDict['/assets.index.template.html'] = '\\","<!doctype html>\\n\\","<html lang=\"en\">\\n\\","<head>\\n\\","<meta charset=\"UTF-8\">\\n\\","<meta name=\"viewport\" content=\"width=device-width, initial-scale=1\">\\n\\","<title>{{env.npm_package_name}} (v{{env.npm_package_version}})</title>\\n\\","<style>\\n\\","/*csslint\\n\\","    box-sizing: false,\\n\\","    universal-selector: false\\n\\","*/\\n\\","* {\\n\\","    box-sizing: border-box;\\n\\","}\\n\\","body {\\n\\","    background: #dde;\\n\\","    font-family: Arial, Helvetica, sans-serif;\\n\\","    margin: 2rem;\\n\\","}\\n\\","body > * {\\n\\","    margin-bottom: 1rem;\\n\\","}\\n\\",".utility2FooterDiv {\\n\\","    margin-top: 20px;\\n\\","    text-align: center;\\n\\","}\\n\\","</style>\\n\\","<style>\\n\\","/*csslint\\n\\","*/\\n\\","textarea {\\n\\","    font-family: monospace;\\n\\","    height: 10rem;\\n\\","    width: 100%;\\n\\","}\\n\\","textarea[readonly] {\\n\\","    background: #ddd;\\n\\","}\\n\\","</style>\\n\\","</head>\\n\\","<body>\\n\\","<!-- utility2-comment\\n\\","<div id=\"ajaxProgressDiv1\" style=\"background: #d00; height: 2px; left: 0; margin: 0; padding: 0; position: fixed; top: 0; transition: background 0.5s, width 1.5s; width: 25%;\"></div>\\n\\","utility2-comment -->\\n\\","<h1>\\n\\","<!-- utility2-comment\\n\\","    <a\\n\\","        {{#if env.npm_package_homepage}}\\n\\","        href=\"{{env.npm_package_homepage}}\"\\n\\","        {{/if env.npm_package_homepage}}\\n\\","        target=\"_blank\"\\n\\","    >\\n\\","utility2-comment -->\\n\\","        {{env.npm_package_name}} (v{{env.npm_package_version}})\\n\\","<!-- utility2-comment\\n\\","    </a>\\n\\","utility2-comment -->\\n\\","</h1>\\n\\","<h3>{{env.npm_package_description}}</h3>\\n\\","<!-- utility2-comment\\n\\","<h4><a download href=\"assets.app.js\">download standalone app</a></h4>\\n\\","<button class=\"onclick onreset\" id=\"testRunButton1\">run internal test</button><br>\\n\\","<div id=\"testReportDiv1\" style=\"display: none;\"></div>\\n\\","utility2-comment -->\\n\\","\\n\\","\\n\\","\\n\\","<label>stderr and stdout</label>\\n\\","<textarea class=\"resettable\" id=\"outputTextareaStdout1\" readonly></textarea>\\n\\","<!-- utility2-comment\\n\\","{{#if isRollup}}\\n\\","<script src=\"assets.app.js\"></script>\\n\\","{{#unless isRollup}}\\n\\","utility2-comment -->\\n\\","<script src=\"assets.utility2.rollup.js\"></script>\\n\\","<script src=\"jsonp.utility2._stateInit?callback=window.utility2._stateInit\"></script>\\n\\","<script src=\"assets.npmtest_node_webkit_updater.rollup.js\"></script>\\n\\","<script src=\"assets.example.js\"></script>\\n\\","<script src=\"assets.test.js\"></script>\\n\\","<!-- utility2-comment\\n\\","{{/if isRollup}}\\n\\","utility2-comment -->\\n\\","<div class=\"utility2FooterDiv\">\\n\\","    [ this app was created with\\n\\","    <a href=\"https://github.com/kaizhu256/node-utility2\" target=\"_blank\">utility2</a>\\n\\","    ]\\n\\","</div>\\n\\","</body>\\n\\","</html>\\n\\","';","        /* jslint-ignore-end */","        if (local.templateRender) {","            local.assetsDict['/'] = local.templateRender(","                local.assetsDict['/assets.index.template.html'],","                {","                    env: local.objectSetDefault(local.env, {","                        npm_package_description: 'the greatest app in the world!',","                        npm_package_name: 'my-app',","                        npm_package_nameAlias: 'my_app',","                        npm_package_version: '0.0.1'","                    })","                }","            );","        } else {","            local.assetsDict['/'] = local.assetsDict['/assets.index.template.html']","                .replace((/\\{\\{env\\.(\\w+?)\\}\\}/g), function (match0, match1) {","                    // jslint-hack","                    String(match0);","                    switch (match1) {","                    case 'npm_package_description':","                        return 'the greatest app in the world!';","                    case 'npm_package_name':","                        return 'my-app';","                    case 'npm_package_nameAlias':","                        return 'my_app';","                    case 'npm_package_version':","                        return '0.0.1';","                    }","                });","        }","        // run the cli","        if (local.global.utility2_rollup || module !== require.main) {","            break;","        }","        local.assetsDict['/assets.example.js'] =","            local.assetsDict['/assets.example.js'] ||","            local.fs.readFileSync(__filename, 'utf8');","        // bug-workaround - long $npm_package_buildCustomOrg","        /* jslint-ignore-begin */","        local.assetsDict['/assets.npmtest_node_webkit_updater.rollup.js'] =","            local.assetsDict['/assets.npmtest_node_webkit_updater.rollup.js'] ||","            local.fs.readFileSync(","                local.npmtest_node_webkit_updater.__dirname + '/lib.npmtest_node_webkit_updater.js',","                'utf8'","            ).replace((/^#!/), '//');","        /* jslint-ignore-end */","        local.assetsDict['/favicon.ico'] = local.assetsDict['/favicon.ico'] || '';","        // if $npm_config_timeout_exit exists,","        // then exit this process after $npm_config_timeout_exit ms","        if (Number(process.env.npm_config_timeout_exit)) {","            setTimeout(process.exit, Number(process.env.npm_config_timeout_exit));","        }","        // start server","        if (local.global.utility2_serverHttp1) {","            break;","        }","        process.env.PORT = process.env.PORT || '8081';","        console.error('server starting on port ' + process.env.PORT);","        local.http.createServer(function (request, response) {","            request.urlParsed = local.url.parse(request.url);","            if (local.assetsDict[request.urlParsed.pathname] !== undefined) {","                response.end(local.assetsDict[request.urlParsed.pathname]);","                return;","            }","            response.statusCode = 404;","            response.end();","        }).listen(process.env.PORT);","        break;","    }","}());",""],"l":{"26":2,"28":2,"33":2,"35":2,"37":2,"38":2,"39":2,"44":1,"51":2,"55":2,"59":2,"61":2,"69":1,"70":2,"76":2,"79":2,"82":2,"83":2,"85":1,"89":2,"92":1,"93":1,"94":1,"96":1,"97":1,"100":1,"101":1,"103":1,"106":1,"108":2,"114":1,"116":1,"118":1,"123":1,"124":2,"125":2,"126":3,"127":3,"128":3,"129":3,"130":1,"133":3,"134":3,"139":3,"143":1,"144":3,"145":1,"149":1,"150":1,"158":1,"160":1,"161":1,"162":1,"164":1,"166":1,"258":1,"259":1,"271":1,"274":6,"275":6,"277":1,"279":2,"281":1,"283":2,"288":1,"289":1,"291":1,"296":1,"303":1,"306":1,"307":1,"310":1,"311":1,"313":1,"314":1,"315":1,"316":1,"317":1,"318":1,"319":1,"321":1,"322":1,"324":1}},"/home/travis/build/npmtest/node-npmtest-node-webkit-updater/node_modules/node-webkit-updater/app/updater.js":{"path":"/home/travis/build/npmtest/node-npmtest-node-webkit-updater/node_modules/node-webkit-updater/app/updater.js","s":{"1":1,"2":1,"3":1,"4":1,"5":1,"6":1,"7":1,"8":1,"9":1,"10":1,"11":1,"12":1,"13":0,"14":0,"15":1,"16":0,"17":1,"18":0,"19":0,"20":0,"21":0,"22":0,"23":0,"24":0,"25":0,"26":1,"27":0,"28":0,"29":0,"30":0,"31":0,"32":0,"33":0,"34":0,"35":0,"36":0,"37":0,"38":0,"39":0,"40":0,"41":0,"42":0,"43":0,"44":0,"45":1,"46":0,"47":0,"48":0,"49":0,"50":1,"51":0,"52":0,"53":0,"54":0,"55":1,"56":0,"57":0,"58":0,"59":1,"60":0,"61":1,"62":0,"63":0,"64":0,"65":0,"66":0,"67":0,"68":1,"69":0,"70":0,"71":0,"72":0,"73":0,"74":0,"75":0,"76":0,"77":0,"78":0,"79":0,"80":0,"81":0,"82":0,"83":0,"84":0,"85":0,"86":0,"87":0,"88":0,"89":1,"90":0,"91":0,"92":0,"93":0,"94":0,"95":0,"96":0,"97":0,"98":0,"99":0,"100":0,"101":0,"102":0,"103":0,"104":0,"105":0,"106":0,"107":0,"108":0,"109":0,"110":0,"111":0,"112":0,"113":0,"114":0,"115":0,"116":0,"117":0,"118":0,"119":1,"120":1,"121":0,"122":1,"123":0,"124":0,"125":0,"126":0,"127":0,"128":0,"129":0,"130":0,"131":0,"132":0,"133":0,"134":1,"135":1,"136":0,"137":0,"138":0,"139":0,"140":0,"141":0,"142":1,"143":0,"144":1,"145":0,"146":0,"147":0,"148":0,"149":1,"150":0,"151":0,"152":0,"153":0,"154":0,"155":0,"156":0,"157":1,"158":0,"159":1,"160":0,"161":0,"162":0,"163":0,"164":0,"165":1,"166":1,"167":0,"168":0,"169":0,"170":0,"171":1},"b":{"1":[0,1],"2":[0,1],"3":[0,1],"4":[0,0,0],"5":[0,0],"6":[0,0],"7":[0,0],"8":[0,0],"9":[0,0],"10":[0,0],"11":[0,0,0],"12":[0,0],"13":[0,0,0],"14":[0,0],"15":[0,0],"16":[0,0],"17":[0,0],"18":[0,0],"19":[0,0],"20":[0,0],"21":[0,0],"22":[0,0],"23":[0,0],"24":[0,0],"25":[0,0],"26":[0,0],"27":[0,0],"28":[0,0],"29":[0,0],"30":[0,0],"31":[0,0],"32":[0,0],"33":[0,0],"34":[0,0],"35":[0,0],"36":[0,0],"37":[0,0]},"f":{"1":0,"2":0,"3":0,"4":0,"5":0,"6":0,"7":0,"8":0,"9":0,"10":0,"11":0,"12":0,"13":0,"14":0,"15":0,"16":0,"17":0,"18":0,"19":0,"20":0,"21":0,"22":0,"23":0,"24":0,"25":0,"26":0,"27":0,"28":0,"29":0,"30":0,"31":0,"32":0,"33":0,"34":0,"35":0,"36":0,"37":0,"38":0,"39":0,"40":0,"41":0,"42":0},"fnMap":{"1":{"name":"updater","line":25,"loc":{"start":{"line":25,"column":2},"end":{"line":25,"column":37}}},"2":{"name":"(anonymous_2)","line":41,"loc":{"start":{"line":41,"column":38},"end":{"line":41,"column":50}}},"3":{"name":"gotManifest","line":47,"loc":{"start":{"line":47,"column":4},"end":{"line":47,"column":40}}},"4":{"name":"(anonymous_4)","line":72,"loc":{"start":{"line":72,"column":31},"end":{"line":72,"column":56}}},"5":{"name":"(anonymous_5)","line":75,"loc":{"start":{"line":75,"column":27},"end":{"line":75,"column":50}}},"6":{"name":"(anonymous_6)","line":84,"loc":{"start":{"line":84,"column":23},"end":{"line":84,"column":41}}},"7":{"name":"(anonymous_7)","line":92,"loc":{"start":{"line":92,"column":68},"end":{"line":92,"column":78}}},"8":{"name":"appDownloaded","line":100,"loc":{"start":{"line":100,"column":4},"end":{"line":100,"column":28}}},"9":{"name":"(anonymous_9)","line":101,"loc":{"start":{"line":101,"column":23},"end":{"line":101,"column":33}}},"10":{"name":"(anonymous_10)","line":115,"loc":{"start":{"line":115,"column":33},"end":{"line":115,"column":43}}},"11":{"name":"(anonymous_11)","line":130,"loc":{"start":{"line":130,"column":33},"end":{"line":130,"column":43}}},"12":{"name":"(anonymous_12)","line":150,"loc":{"start":{"line":150,"column":29},"end":{"line":150,"column":61}}},"13":{"name":"(anonymous_13)","line":160,"loc":{"start":{"line":160,"column":35},"end":{"line":160,"column":72}}},"14":{"name":"(anonymous_14)","line":168,"loc":{"start":{"line":168,"column":35},"end":{"line":168,"column":53}}},"15":{"name":"(anonymous_15)","line":188,"loc":{"start":{"line":188,"column":9},"end":{"line":188,"column":61}}},"16":{"name":"(anonymous_16)","line":198,"loc":{"start":{"line":198,"column":77},"end":{"line":198,"column":90}}},"17":{"name":"(anonymous_17)","line":210,"loc":{"start":{"line":210,"column":74},"end":{"line":210,"column":87}}},"18":{"name":"(anonymous_18)","line":213,"loc":{"start":{"line":213,"column":87},"end":{"line":213,"column":100}}},"19":{"name":"(anonymous_19)","line":214,"loc":{"start":{"line":214,"column":63},"end":{"line":214,"column":76}}},"20":{"name":"findMountPoint","line":226,"loc":{"start":{"line":226,"column":8},"end":{"line":226,"column":52}}},"21":{"name":"(anonymous_21)","line":227,"loc":{"start":{"line":227,"column":31},"end":{"line":227,"column":52}}},"22":{"name":"(anonymous_22)","line":246,"loc":{"start":{"line":246,"column":9},"end":{"line":246,"column":61}}},"23":{"name":"(anonymous_23)","line":248,"loc":{"start":{"line":248,"column":18},"end":{"line":248,"column":28}}},"24":{"name":"(anonymous_24)","line":251,"loc":{"start":{"line":251,"column":72},"end":{"line":251,"column":85}}},"25":{"name":"(anonymous_25)","line":260,"loc":{"start":{"line":260,"column":38},"end":{"line":260,"column":54}}},"26":{"name":"(anonymous_26)","line":262,"loc":{"start":{"line":262,"column":51},"end":{"line":262,"column":66}}},"27":{"name":"(anonymous_27)","line":280,"loc":{"start":{"line":280,"column":13},"end":{"line":280,"column":65}}},"28":{"name":"(anonymous_28)","line":282,"loc":{"start":{"line":282,"column":80},"end":{"line":282,"column":93}}},"29":{"name":"(anonymous_29)","line":302,"loc":{"start":{"line":302,"column":35},"end":{"line":302,"column":67}}},"30":{"name":"(anonymous_30)","line":310,"loc":{"start":{"line":310,"column":9},"end":{"line":310,"column":41}}},"31":{"name":"(anonymous_31)","line":322,"loc":{"start":{"line":322,"column":9},"end":{"line":322,"column":45}}},"32":{"name":"(anonymous_32)","line":328,"loc":{"start":{"line":328,"column":13},"end":{"line":328,"column":49}}},"33":{"name":"run","line":342,"loc":{"start":{"line":342,"column":2},"end":{"line":342,"column":35}}},"34":{"name":"(anonymous_34)","line":359,"loc":{"start":{"line":359,"column":30},"end":{"line":359,"column":52}}},"35":{"name":"(anonymous_35)","line":367,"loc":{"start":{"line":367,"column":9},"end":{"line":367,"column":25}}},"36":{"name":"(anonymous_36)","line":373,"loc":{"start":{"line":373,"column":9},"end":{"line":373,"column":25}}},"37":{"name":"appDeleted","line":378,"loc":{"start":{"line":378,"column":6},"end":{"line":378,"column":30}}},"38":{"name":"(anonymous_38)","line":382,"loc":{"start":{"line":382,"column":23},"end":{"line":382,"column":33}}},"39":{"name":"deleteApp","line":393,"loc":{"start":{"line":393,"column":6},"end":{"line":393,"column":28}}},"40":{"name":"appCopied","line":396,"loc":{"start":{"line":396,"column":6},"end":{"line":396,"column":29}}},"41":{"name":"(anonymous_41)","line":407,"loc":{"start":{"line":407,"column":13},"end":{"line":407,"column":29}}},"42":{"name":"(anonymous_42)","line":421,"loc":{"start":{"line":421,"column":26},"end":{"line":421,"column":59}}}},"statementMap":{"1":{"start":{"line":1,"column":2},"end":{"line":1,"column":35}},"2":{"start":{"line":2,"column":2},"end":{"line":2,"column":29}},"3":{"start":{"line":3,"column":2},"end":{"line":3,"column":25}},"4":{"start":{"line":4,"column":2},"end":{"line":4,"column":25}},"5":{"start":{"line":5,"column":2},"end":{"line":5,"column":43}},"6":{"start":{"line":6,"column":2},"end":{"line":6,"column":45}},"7":{"start":{"line":7,"column":2},"end":{"line":7,"column":27}},"8":{"start":{"line":8,"column":2},"end":{"line":8,"column":27}},"9":{"start":{"line":9,"column":2},"end":{"line":9,"column":33}},"10":{"start":{"line":11,"column":2},"end":{"line":11,"column":34}},"11":{"start":{"line":12,"column":2},"end":{"line":12,"column":127}},"12":{"start":{"line":25,"column":2},"end":{"line":30,"column":3}},"13":{"start":{"line":26,"column":4},"end":{"line":26,"column":29}},"14":{"start":{"line":27,"column":4},"end":{"line":29,"column":6}},"15":{"start":{"line":41,"column":2},"end":{"line":64,"column":4}},"16":{"start":{"line":42,"column":4},"end":{"line":42,"column":67}},"17":{"start":{"line":47,"column":4},"end":{"line":63,"column":5}},"18":{"start":{"line":48,"column":6},"end":{"line":50,"column":7}},"19":{"start":{"line":49,"column":8},"end":{"line":49,"column":23}},"20":{"start":{"line":52,"column":6},"end":{"line":54,"column":7}},"21":{"start":{"line":53,"column":8},"end":{"line":53,"column":45}},"22":{"start":{"line":56,"column":6},"end":{"line":60,"column":7}},"23":{"start":{"line":57,"column":8},"end":{"line":57,"column":32}},"24":{"start":{"line":59,"column":8},"end":{"line":59,"column":20}},"25":{"start":{"line":62,"column":6},"end":{"line":62,"column":69}},"26":{"start":{"line":72,"column":2},"end":{"line":108,"column":4}},"27":{"start":{"line":73,"column":4},"end":{"line":73,"column":48}},"28":{"start":{"line":74,"column":4},"end":{"line":74,"column":46}},"29":{"start":{"line":75,"column":4},"end":{"line":83,"column":7}},"30":{"start":{"line":76,"column":8},"end":{"line":78,"column":9}},"31":{"start":{"line":77,"column":12},"end":{"line":77,"column":20}},"32":{"start":{"line":79,"column":8},"end":{"line":82,"column":9}},"33":{"start":{"line":80,"column":12},"end":{"line":80,"column":24}},"34":{"start":{"line":81,"column":12},"end":{"line":81,"column":54}},"35":{"start":{"line":84,"column":4},"end":{"line":88,"column":7}},"36":{"start":{"line":85,"column":6},"end":{"line":87,"column":9}},"37":{"start":{"line":86,"column":10},"end":{"line":86,"column":69}},"38":{"start":{"line":89,"column":4},"end":{"line":90,"column":79}},"39":{"start":{"line":92,"column":4},"end":{"line":95,"column":7}},"40":{"start":{"line":93,"column":6},"end":{"line":93,"column":54}},"41":{"start":{"line":94,"column":6},"end":{"line":94,"column":19}},"42":{"start":{"line":96,"column":4},"end":{"line":96,"column":24}},"43":{"start":{"line":97,"column":4},"end":{"line":97,"column":33}},"44":{"start":{"line":98,"column":4},"end":{"line":98,"column":16}},"45":{"start":{"line":100,"column":4},"end":{"line":106,"column":5}},"46":{"start":{"line":101,"column":6},"end":{"line":105,"column":9}},"47":{"start":{"line":102,"column":8},"end":{"line":104,"column":9}},"48":{"start":{"line":103,"column":10},"end":{"line":103,"column":36}},"49":{"start":{"line":107,"column":4},"end":{"line":107,"column":15}},"50":{"start":{"line":115,"column":2},"end":{"line":123,"column":4}},"51":{"start":{"line":116,"column":4},"end":{"line":119,"column":6}},"52":{"start":{"line":120,"column":4},"end":{"line":120,"column":34}},"53":{"start":{"line":121,"column":4},"end":{"line":121,"column":34}},"54":{"start":{"line":122,"column":4},"end":{"line":122,"column":29}},"55":{"start":{"line":130,"column":2},"end":{"line":139,"column":4}},"56":{"start":{"line":131,"column":4},"end":{"line":131,"column":39}},"57":{"start":{"line":132,"column":4},"end":{"line":137,"column":6}},"58":{"start":{"line":138,"column":4},"end":{"line":138,"column":49}},"59":{"start":{"line":150,"column":2},"end":{"line":152,"column":4}},"60":{"start":{"line":151,"column":4},"end":{"line":151,"column":79}},"61":{"start":{"line":160,"column":2},"end":{"line":181,"column":6}},"62":{"start":{"line":161,"column":6},"end":{"line":161,"column":90}},"63":{"start":{"line":169,"column":6},"end":{"line":169,"column":89}},"64":{"start":{"line":171,"column":6},"end":{"line":180,"column":7}},"65":{"start":{"line":172,"column":8},"end":{"line":172,"column":24}},"66":{"start":{"line":175,"column":8},"end":{"line":178,"column":10}},"67":{"start":{"line":179,"column":8},"end":{"line":179,"column":56}},"68":{"start":{"line":184,"column":2},"end":{"line":291,"column":4}},"69":{"start":{"line":189,"column":6},"end":{"line":191,"column":88}},"70":{"start":{"line":193,"column":6},"end":{"line":195,"column":7}},"71":{"start":{"line":194,"column":8},"end":{"line":194,"column":34}},"72":{"start":{"line":197,"column":6},"end":{"line":241,"column":7}},"73":{"start":{"line":198,"column":8},"end":{"line":205,"column":10}},"74":{"start":{"line":199,"column":10},"end":{"line":202,"column":11}},"75":{"start":{"line":200,"column":12},"end":{"line":200,"column":29}},"76":{"start":{"line":201,"column":12},"end":{"line":201,"column":27}},"77":{"start":{"line":203,"column":10},"end":{"line":203,"column":87}},"78":{"start":{"line":204,"column":10},"end":{"line":204,"column":28}},"79":{"start":{"line":208,"column":11},"end":{"line":241,"column":7}},"80":{"start":{"line":210,"column":8},"end":{"line":224,"column":11}},"81":{"start":{"line":212,"column":10},"end":{"line":212,"column":58}},"82":{"start":{"line":213,"column":10},"end":{"line":223,"column":13}},"83":{"start":{"line":214,"column":12},"end":{"line":222,"column":15}},"84":{"start":{"line":215,"column":14},"end":{"line":220,"column":15}},"85":{"start":{"line":216,"column":16},"end":{"line":218,"column":17}},"86":{"start":{"line":217,"column":18},"end":{"line":217,"column":48}},"87":{"start":{"line":219,"column":16},"end":{"line":219,"column":31}},"88":{"start":{"line":221,"column":14},"end":{"line":221,"column":66}},"89":{"start":{"line":226,"column":8},"end":{"line":240,"column":9}},"90":{"start":{"line":227,"column":10},"end":{"line":239,"column":12}},"91":{"start":{"line":228,"column":12},"end":{"line":228,"column":42}},"92":{"start":{"line":228,"column":21},"end":{"line":228,"column":42}},"93":{"start":{"line":229,"column":12},"end":{"line":229,"column":45}},"94":{"start":{"line":230,"column":12},"end":{"line":230,"column":52}},"95":{"start":{"line":231,"column":12},"end":{"line":237,"column":13}},"96":{"start":{"line":232,"column":14},"end":{"line":236,"column":15}},"97":{"start":{"line":233,"column":16},"end":{"line":233,"column":62}},"98":{"start":{"line":234,"column":16},"end":{"line":234,"column":73}},"99":{"start":{"line":235,"column":16},"end":{"line":235,"column":49}},"100":{"start":{"line":238,"column":12},"end":{"line":238,"column":53}},"101":{"start":{"line":247,"column":6},"end":{"line":258,"column":12}},"102":{"start":{"line":250,"column":12},"end":{"line":257,"column":15}},"103":{"start":{"line":252,"column":14},"end":{"line":254,"column":15}},"104":{"start":{"line":253,"column":16},"end":{"line":253,"column":31}},"105":{"start":{"line":256,"column":14},"end":{"line":256,"column":96}},"106":{"start":{"line":260,"column":6},"end":{"line":274,"column":9}},"107":{"start":{"line":261,"column":8},"end":{"line":273,"column":9}},"108":{"start":{"line":262,"column":10},"end":{"line":269,"column":13}},"109":{"start":{"line":263,"column":12},"end":{"line":268,"column":13}},"110":{"start":{"line":264,"column":14},"end":{"line":264,"column":22}},"111":{"start":{"line":267,"column":14},"end":{"line":267,"column":22}},"112":{"start":{"line":272,"column":10},"end":{"line":272,"column":18}},"113":{"start":{"line":282,"column":6},"end":{"line":289,"column":8}},"114":{"start":{"line":283,"column":8},"end":{"line":283,"column":31}},"115":{"start":{"line":284,"column":8},"end":{"line":287,"column":9}},"116":{"start":{"line":285,"column":10},"end":{"line":285,"column":27}},"117":{"start":{"line":286,"column":10},"end":{"line":286,"column":25}},"118":{"start":{"line":288,"column":8},"end":{"line":288,"column":87}},"119":{"start":{"line":292,"column":2},"end":{"line":292,"column":36}},"120":{"start":{"line":302,"column":2},"end":{"line":304,"column":4}},"121":{"start":{"line":303,"column":4},"end":{"line":303,"column":49}},"122":{"start":{"line":306,"column":2},"end":{"line":335,"column":4}},"123":{"start":{"line":312,"column":6},"end":{"line":316,"column":7}},"124":{"start":{"line":313,"column":8},"end":{"line":313,"column":48}},"125":{"start":{"line":315,"column":8},"end":{"line":315,"column":25}},"126":{"start":{"line":317,"column":6},"end":{"line":317,"column":40}},"127":{"start":{"line":323,"column":6},"end":{"line":323,"column":45}},"128":{"start":{"line":329,"column":6},"end":{"line":329,"column":73}},"129":{"start":{"line":330,"column":6},"end":{"line":330,"column":33}},"130":{"start":{"line":331,"column":6},"end":{"line":331,"column":32}},"131":{"start":{"line":331,"column":19},"end":{"line":331,"column":32}},"132":{"start":{"line":332,"column":6},"end":{"line":332,"column":28}},"133":{"start":{"line":333,"column":6},"end":{"line":333,"column":84}},"134":{"start":{"line":337,"column":2},"end":{"line":337,"column":30}},"135":{"start":{"line":342,"column":2},"end":{"line":352,"column":3}},"136":{"start":{"line":343,"column":4},"end":{"line":345,"column":6}},"137":{"start":{"line":346,"column":4},"end":{"line":348,"column":5}},"138":{"start":{"line":347,"column":6},"end":{"line":347,"column":31}},"139":{"start":{"line":349,"column":4},"end":{"line":349,"column":37}},"140":{"start":{"line":350,"column":4},"end":{"line":350,"column":15}},"141":{"start":{"line":351,"column":4},"end":{"line":351,"column":14}},"142":{"start":{"line":359,"column":2},"end":{"line":361,"column":4}},"143":{"start":{"line":360,"column":4},"end":{"line":360,"column":46}},"144":{"start":{"line":363,"column":2},"end":{"line":410,"column":4}},"145":{"start":{"line":368,"column":6},"end":{"line":368,"column":37}},"146":{"start":{"line":374,"column":6},"end":{"line":374,"column":22}},"147":{"start":{"line":375,"column":6},"end":{"line":375,"column":26}},"148":{"start":{"line":376,"column":6},"end":{"line":376,"column":28}},"149":{"start":{"line":378,"column":6},"end":{"line":392,"column":7}},"150":{"start":{"line":379,"column":8},"end":{"line":391,"column":9}},"151":{"start":{"line":380,"column":10},"end":{"line":380,"column":23}},"152":{"start":{"line":381,"column":10},"end":{"line":387,"column":11}},"153":{"start":{"line":382,"column":12},"end":{"line":384,"column":20}},"154":{"start":{"line":383,"column":14},"end":{"line":383,"column":36}},"155":{"start":{"line":386,"column":12},"end":{"line":386,"column":27}},"156":{"start":{"line":390,"column":10},"end":{"line":390,"column":48}},"157":{"start":{"line":393,"column":6},"end":{"line":395,"column":7}},"158":{"start":{"line":394,"column":8},"end":{"line":394,"column":35}},"159":{"start":{"line":396,"column":6},"end":{"line":402,"column":7}},"160":{"start":{"line":397,"column":8},"end":{"line":400,"column":9}},"161":{"start":{"line":398,"column":10},"end":{"line":398,"column":49}},"162":{"start":{"line":399,"column":10},"end":{"line":399,"column":16}},"163":{"start":{"line":401,"column":8},"end":{"line":401,"column":13}},"164":{"start":{"line":408,"column":6},"end":{"line":408,"column":37}},"165":{"start":{"line":411,"column":2},"end":{"line":411,"column":38}},"166":{"start":{"line":421,"column":2},"end":{"line":425,"column":4}},"167":{"start":{"line":422,"column":4},"end":{"line":422,"column":24}},"168":{"start":{"line":423,"column":4},"end":{"line":423,"column":70}},"169":{"start":{"line":423,"column":40},"end":{"line":423,"column":70}},"170":{"start":{"line":424,"column":4},"end":{"line":424,"column":36}},"171":{"start":{"line":427,"column":2},"end":{"line":427,"column":27}}},"branchMap":{"1":{"line":12,"type":"cond-expr","locations":[{"start":{"line":12,"column":36},"end":{"line":12,"column":41}},{"start":{"line":12,"column":44},"end":{"line":12,"column":126}}]},"2":{"line":12,"type":"cond-expr","locations":[{"start":{"line":12,"column":70},"end":{"line":12,"column":75}},{"start":{"line":12,"column":78},"end":{"line":12,"column":126}}]},"3":{"line":12,"type":"cond-expr","locations":[{"start":{"line":12,"column":114},"end":{"line":12,"column":118}},{"start":{"line":12,"column":121},"end":{"line":12,"column":125}}]},"4":{"line":28,"type":"binary-expr","locations":[{"start":{"line":28,"column":26},"end":{"line":28,"column":33}},{"start":{"line":28,"column":37},"end":{"line":28,"column":63}},{"start":{"line":28,"column":67},"end":{"line":28,"column":78}}]},"5":{"line":48,"type":"if","locations":[{"start":{"line":48,"column":6},"end":{"line":48,"column":6}},{"start":{"line":48,"column":6},"end":{"line":48,"column":6}}]},"6":{"line":52,"type":"if","locations":[{"start":{"line":52,"column":6},"end":{"line":52,"column":6}},{"start":{"line":52,"column":6},"end":{"line":52,"column":6}}]},"7":{"line":52,"type":"binary-expr","locations":[{"start":{"line":52,"column":9},"end":{"line":52,"column":29}},{"start":{"line":52,"column":33},"end":{"line":52,"column":53}}]},"8":{"line":73,"type":"binary-expr","locations":[{"start":{"line":73,"column":19},"end":{"line":73,"column":30}},{"start":{"line":73,"column":34},"end":{"line":73,"column":47}}]},"9":{"line":76,"type":"if","locations":[{"start":{"line":76,"column":8},"end":{"line":76,"column":8}},{"start":{"line":76,"column":8},"end":{"line":76,"column":8}}]},"10":{"line":79,"type":"if","locations":[{"start":{"line":79,"column":8},"end":{"line":79,"column":8}},{"start":{"line":79,"column":8},"end":{"line":79,"column":8}}]},"11":{"line":79,"type":"binary-expr","locations":[{"start":{"line":79,"column":11},"end":{"line":79,"column":19}},{"start":{"line":79,"column":24},"end":{"line":79,"column":49}},{"start":{"line":79,"column":53},"end":{"line":79,"column":79}}]},"12":{"line":85,"type":"if","locations":[{"start":{"line":85,"column":6},"end":{"line":85,"column":6}},{"start":{"line":85,"column":6},"end":{"line":85,"column":6}}]},"13":{"line":85,"type":"binary-expr","locations":[{"start":{"line":85,"column":9},"end":{"line":85,"column":17}},{"start":{"line":85,"column":21},"end":{"line":85,"column":37}},{"start":{"line":85,"column":41},"end":{"line":85,"column":75}}]},"14":{"line":102,"type":"if","locations":[{"start":{"line":102,"column":8},"end":{"line":102,"column":8}},{"start":{"line":102,"column":8},"end":{"line":102,"column":8}}]},"15":{"line":102,"type":"binary-expr","locations":[{"start":{"line":102,"column":11},"end":{"line":102,"column":41}},{"start":{"line":102,"column":45},"end":{"line":102,"column":74}}]},"16":{"line":169,"type":"binary-expr","locations":[{"start":{"line":169,"column":21},"end":{"line":169,"column":48}},{"start":{"line":169,"column":52},"end":{"line":169,"column":88}}]},"17":{"line":171,"type":"if","locations":[{"start":{"line":171,"column":6},"end":{"line":171,"column":6}},{"start":{"line":171,"column":6},"end":{"line":171,"column":6}}]},"18":{"line":179,"type":"binary-expr","locations":[{"start":{"line":179,"column":32},"end":{"line":179,"column":48}},{"start":{"line":179,"column":52},"end":{"line":179,"column":54}}]},"19":{"line":193,"type":"if","locations":[{"start":{"line":193,"column":6},"end":{"line":193,"column":6}},{"start":{"line":193,"column":6},"end":{"line":193,"column":6}}]},"20":{"line":197,"type":"if","locations":[{"start":{"line":197,"column":6},"end":{"line":197,"column":6}},{"start":{"line":197,"column":6},"end":{"line":197,"column":6}}]},"21":{"line":199,"type":"if","locations":[{"start":{"line":199,"column":10},"end":{"line":199,"column":10}},{"start":{"line":199,"column":10},"end":{"line":199,"column":10}}]},"22":{"line":208,"type":"if","locations":[{"start":{"line":208,"column":11},"end":{"line":208,"column":11}},{"start":{"line":208,"column":11},"end":{"line":208,"column":11}}]},"23":{"line":215,"type":"if","locations":[{"start":{"line":215,"column":14},"end":{"line":215,"column":14}},{"start":{"line":215,"column":14},"end":{"line":215,"column":14}}]},"24":{"line":216,"type":"if","locations":[{"start":{"line":216,"column":16},"end":{"line":216,"column":16}},{"start":{"line":216,"column":16},"end":{"line":216,"column":16}}]},"25":{"line":228,"type":"if","locations":[{"start":{"line":228,"column":12},"end":{"line":228,"column":12}},{"start":{"line":228,"column":12},"end":{"line":228,"column":12}}]},"26":{"line":232,"type":"if","locations":[{"start":{"line":232,"column":14},"end":{"line":232,"column":14}},{"start":{"line":232,"column":14},"end":{"line":232,"column":14}}]},"27":{"line":252,"type":"if","locations":[{"start":{"line":252,"column":14},"end":{"line":252,"column":14}},{"start":{"line":252,"column":14},"end":{"line":252,"column":14}}]},"28":{"line":261,"type":"if","locations":[{"start":{"line":261,"column":8},"end":{"line":261,"column":8}},{"start":{"line":261,"column":8},"end":{"line":261,"column":8}}]},"29":{"line":263,"type":"if","locations":[{"start":{"line":263,"column":12},"end":{"line":263,"column":12}},{"start":{"line":263,"column":12},"end":{"line":263,"column":12}}]},"30":{"line":284,"type":"if","locations":[{"start":{"line":284,"column":8},"end":{"line":284,"column":8}},{"start":{"line":284,"column":8},"end":{"line":284,"column":8}}]},"31":{"line":312,"type":"if","locations":[{"start":{"line":312,"column":6},"end":{"line":312,"column":6}},{"start":{"line":312,"column":6},"end":{"line":312,"column":6}}]},"32":{"line":312,"type":"binary-expr","locations":[{"start":{"line":312,"column":9},"end":{"line":312,"column":13}},{"start":{"line":312,"column":17},"end":{"line":312,"column":28}}]},"33":{"line":331,"type":"if","locations":[{"start":{"line":331,"column":6},"end":{"line":331,"column":6}},{"start":{"line":331,"column":6},"end":{"line":331,"column":6}}]},"34":{"line":379,"type":"if","locations":[{"start":{"line":379,"column":8},"end":{"line":379,"column":8}},{"start":{"line":379,"column":8},"end":{"line":379,"column":8}}]},"35":{"line":381,"type":"if","locations":[{"start":{"line":381,"column":10},"end":{"line":381,"column":10}},{"start":{"line":381,"column":10},"end":{"line":381,"column":10}}]},"36":{"line":397,"type":"if","locations":[{"start":{"line":397,"column":8},"end":{"line":397,"column":8}},{"start":{"line":397,"column":8},"end":{"line":397,"column":8}}]},"37":{"line":423,"type":"if","locations":[{"start":{"line":423,"column":4},"end":{"line":423,"column":4}},{"start":{"line":423,"column":4},"end":{"line":423,"column":4}}]}},"code":["  var request = require('request');","  var path = require('path');","  var os = require('os');","  var fs = require('fs');","  var exec = require('child_process').exec;","  var spawn = require('child_process').spawn;","  var ncp = require('ncp');","  var del = require('del');","  var semver = require('semver');","","  var platform = process.platform;","  platform = /^win/.test(platform)? 'win' : /^darwin/.test(platform)? 'mac' : 'linux' + (process.arch == 'ia32' ? '32' : '64');","","","  /**","   * Creates new instance of updater. Manifest could be a `package.json` of project.","   *","   * Note that compressed apps are assumed to be downloaded in the format produced by [node-webkit-builder](https://github.com/mllrsohn/node-webkit-builder) (or [grunt-node-webkit-builder](https://github.com/mllrsohn/grunt-node-webkit-builder)).","   *","   * @constructor","   * @param {object} manifest - See the [manifest schema](#manifest-schema) below.","   * @param {object} options - Optional","   * @property {string} options.temporaryDirectory - (Optional) path to a directory to download the updates to and unpack them in. Defaults to [`os.tmpdir()`](https://nodejs.org/api/os.html#os_os_tmpdir)","   */","  function updater(manifest, options){","    this.manifest = manifest;","    this.options = {","      temporaryDirectory: options && options.temporaryDirectory || os.tmpdir()","    };","  }","","","  /**","   * Will check the latest available version of the application by requesting the manifest specified in `manifestUrl`.","   *","   * The callback will always be called; the second parameter indicates whether or not there's a newer version.","   * This function assumes you use [Semantic Versioning](http://semver.org) and enforces it; if your local version is `0.2.0` and the remote one is `0.1.23456` then the callback will be called with `false` as the second paramter. If on the off chance you don't use semantic versioning, you could manually download the remote manifest and call `download` if you're happy that the remote version is newer.","   *","   * @param {function} cb - Callback arguments: error, newerVersionExists (`Boolean`), remoteManifest","   */","  updater.prototype.checkNewVersion = function(cb){","    request.get(this.manifest.manifestUrl, gotManifest.bind(this)); //get manifest from url","","    /**","     * @private","     */","    function gotManifest(err, req, data){","      if(err) {","        return cb(err);","      }","","      if(req.statusCode < 200 || req.statusCode > 299){","        return cb(new Error(req.statusCode));","      }","","      try{","        data = JSON.parse(data);","      } catch(e){","        return cb(e)","      }","","      cb(null, semver.gt(data.version, this.manifest.version), data);","    }","  };","","  /**","   * Downloads the new app to a template folder","   * @param  {Function} cb - called when download completes. Callback arguments: error, downloaded filepath","   * @param  {Object} newManifest - see [manifest schema](#manifest-schema) below","   * @return {Request} Request - stream, the stream contains `manifest` property with new manifest and 'content-length' property with the size of package.","   */","  updater.prototype.download = function(cb, newManifest){","    var manifest = newManifest || this.manifest;","    var url = manifest.packages[platform].url;","    var pkg = request(url, function(err, response){","        if(err){","            cb(err);","        }","        if(response && (response.statusCode < 200 || response.statusCode >= 300)){","            pkg.abort();","            return cb(new Error(response.statusCode));","        }","    });","    pkg.on('response', function(response){","      if(response && response.headers && response.headers['content-length']){","          pkg['content-length'] = response.headers['content-length'];","        }","    });","    var filename = path.basename(url),","        destinationPath = path.join(this.options.temporaryDirectory, filename);","    // download the package to template folder","    fs.unlink(path.join(this.options.temporaryDirectory, filename), function(){","      pkg.pipe(fs.createWriteStream(destinationPath));","      pkg.resume();","    });","    pkg.on('error', cb);","    pkg.on('end', appDownloaded);","    pkg.pause();","","    function appDownloaded(){","      process.nextTick(function(){","        if(pkg.response.statusCode >= 200 && pkg.response.statusCode < 300){","          cb(null, destinationPath);","        }","      });","    }","    return pkg;","  };","","","  /**","   * Returns executed application path","   * @returns {string}","   */","  updater.prototype.getAppPath = function(){","    var appPath = {","      mac: path.join(process.cwd(),'../../..'),","      win: path.dirname(process.execPath)","    };","    appPath.linux32 = appPath.win;","    appPath.linux64 = appPath.win;","    return appPath[platform];","  };","","","  /**","   * Returns current application executable","   * @returns {string}","   */","  updater.prototype.getAppExec = function(){","    var execFolder = this.getAppPath();","    var exec = {","      mac: '',","      win: path.basename(process.execPath),","      linux32: path.basename(process.execPath),","      linux64: path.basename(process.execPath)","    };","    return path.join(execFolder, exec[platform]);","  };","","","  /**","   * Will unpack the `filename` in temporary folder.","   * For Windows, [unzip](https://www.mkssoftware.com/docs/man1/unzip.1.asp) is used (which is [not signed](https://github.com/edjafarov/node-webkit-updater/issues/68)).","   *","   * @param {string} filename","   * @param {function} cb - Callback arguments: error, unpacked directory","   * @param {object} manifest","   */","  updater.prototype.unpack = function(filename, cb, manifest){","    pUnpack[platform](filename, cb, manifest, this.options.temporaryDirectory);","  };","","  /**","   * @private","   * @param {string} zipPath","   * @param {string} temporaryDirectory","   * @return {string}","   */","  var getZipDestinationDirectory = function(zipPath, temporaryDirectory){","      return path.join(temporaryDirectory, path.basename(zipPath, path.extname(zipPath)));","    },","    /**","     * @private","     * @param {object} manifest","     * @return {string}","     */","    getExecPathRelativeToPackage = function(manifest){","      var execPath = manifest.packages[platform] && manifest.packages[platform].execPath;","","      if(execPath){","        return execPath;","      }","      else {","        var suffix = {","          win: '.exe',","          mac: '.app'","        };","        return manifest.name + (suffix[platform] || '');","      }","    };","","","  var pUnpack = {","    /**","     * @private","     */","    mac: function(filename, cb, manifest, temporaryDirectory){","      var args = arguments,","        extension = path.extname(filename),","        destination = path.join(temporaryDirectory, path.basename(filename, extension));","","      if(!fs.existsSync(destination)){","        fs.mkdirSync(destination);","      }","","      if(extension === \".zip\"){","        exec('unzip -xo \"' + filename + '\" >/dev/null',{ cwd: destination }, function(err){","          if(err){","            console.log(err);","            return cb(err);","          }","          var appPath = path.join(destination, getExecPathRelativeToPackage(manifest));","          cb(null, appPath);","        })","","      }","      else if(extension === \".dmg\"){","        // just in case if something was wrong during previous mount","        exec('hdiutil unmount /Volumes/'+path.basename(filename, '.dmg'), function(err){","          // create a CDR from the DMG to bypass any steps which require user interaction","          var cdrPath = filename.replace(/.dmg$/, '.cdr');","          exec('hdiutil convert \"' + filename + '\" -format UDTO -o \"' + cdrPath + '\"', function(err){","            exec('hdiutil attach \"' + cdrPath + '\" -nobrowse', function(err){","              if(err) {","                if(err.code == 1){","                  pUnpack.mac.apply(this, args);","                }","                return cb(err);","              }","              findMountPoint(path.basename(filename, '.dmg'), cb);","            });","          });","        });","","        function findMountPoint(dmg_name, callback) {","          exec('hdiutil info', function(err, stdout){","            if (err) return callback(err);","            var results = stdout.split(\"\\n\");","            var dmgExp = new RegExp(dmg_name + '$');","            for (var i=0,l=results.length;i<l;i++) {","              if (results[i].match(dmgExp)) {","                var mountPoint = results[i].split(\"\\t\").pop();","                var fileToRun = path.join(mountPoint, dmg_name + \".app\");","                return callback(null, fileToRun);","              }","            }","            callback(Error(\"Mount point not found\"));","          })","        }","      }","    },","    /**","     * @private","     */","    win: function(filename, cb, manifest, temporaryDirectory){","      var destinationDirectory = getZipDestinationDirectory(filename, temporaryDirectory),","          unzip = function(){","            // unzip by C. Spieler (docs: https://www.mkssoftware.com/docs/man1/unzip.1.asp, issues: http://www.info-zip.org/)","            exec( '\"' + path.resolve(__dirname, 'tools/unzip.exe') + '\" -u -o \"' +","                filename + '\" -d \"' + destinationDirectory + '\" > NUL', function(err){","              if(err){","                return cb(err);","              }","","              cb(null, path.join(destinationDirectory, getExecPathRelativeToPackage(manifest)));","            });","          };","","      fs.exists(destinationDirectory, function(exists){","        if(exists) {","          del(destinationDirectory, {force: true}, function (err) {","            if (err) {","              cb(err);","            }","            else {","              unzip();","            }","          });","        }","        else {","          unzip();","        }","      });","","    },","    /**","     * @private","     */","    linux32: function(filename, cb, manifest, temporaryDirectory){","      //filename fix","      exec('tar -zxvf \"' + filename + '\" >/dev/null',{cwd: temporaryDirectory}, function(err){","        console.log(arguments);","        if(err){","          console.log(err);","          return cb(err);","        }","        cb(null,path.join(temporaryDirectory, getExecPathRelativeToPackage(manifest)));","      })","     }","  };","  pUnpack.linux64 = pUnpack.linux32;","","","  /**","   * Runs installer","   * @param {string} appPath","   * @param {array} args - Arguments which will be passed when running the new app","   * @param {object} options - Optional","   * @returns {function}","   */","  updater.prototype.runInstaller = function(appPath, args, options){","    return pRun[platform].apply(this, arguments);","  };","","  var pRun = {","    /**","     * @private","     */","    mac: function(appPath, args, options){","      //spawn","      if(args && args.length) {","        args = [appPath].concat('--args', args);","      } else {","        args = [appPath];","      }","      return run('open', args, options);","    },","    /**","     * @private","     */","    win: function(appPath, args, options, cb){","      return run(appPath, args, options, cb);","    },","    /**","     * @private","     */","    linux32: function(appPath, args, options, cb){","      var appExec = path.join(appPath, path.basename(this.getAppExec()));","      fs.chmodSync(appExec, 0755)","      if(!options) options = {};","      options.cwd = appPath;","      return run(appPath + \"/\"+path.basename(this.getAppExec()), args, options, cb);","    }","  };","","  pRun.linux64 = pRun.linux32;","","  /**","   * @private","   */","  function run(path, args, options){","    var opts = {","      detached: true","    };","    for(var key in options){","      opts[key] = options[key];","    }","    var sp = spawn(path, args, opts);","    sp.unref();","    return sp;","  }","","  /**","   * Installs the app (copies current application to `copyPath`)","   * @param {string} copyPath","   * @param {function} cb - Callback arguments: error","   */","  updater.prototype.install = function(copyPath, cb){","    pInstall[platform].apply(this, arguments);","  };","","  var pInstall = {","    /**","     * @private","     */","    mac: function(to, cb){","      ncp(this.getAppPath(), to, cb);","    },","    /**","     * @private","     */","    win: function(to, cb){","      var self = this;","      var errCounter = 50;","      deleteApp(appDeleted);","","      function appDeleted(err){","        if(err){","          errCounter--;","          if(errCounter > 0) {","            setTimeout(function(){","              deleteApp(appDeleted);","            }, 100);","          } else {","            return cb(err);","          }","        }","        else {","          ncp(self.getAppPath(), to, appCopied);","        }","      }","      function deleteApp(cb){","        del(to, {force: true}, cb);","      }","      function appCopied(err){","        if(err){","          setTimeout(deleteApp, 100, appDeleted);","          return","        }","        cb();","      }","    },","    /**","     * @private","     */","    linux32: function(to, cb){","      ncp(this.getAppPath(), to, cb);","    }","  };","  pInstall.linux64 = pInstall.linux32;","","  /**","   * Runs the app from original app executable path.","   * @param {string} execPath","   * @param {array} args - Arguments passed to the app being ran.","   * @param {object} options - Optional. See `spawn` from nodejs docs.","   *","   * Note: if this doesn't work, try `gui.Shell.openItem(execPath)` (see [node-webkit Shell](https://github.com/rogerwang/node-webkit/wiki/Shell)).","   */","  updater.prototype.run = function(execPath, args, options){","    var arg = arguments;","    if(platform.indexOf('linux') === 0) arg[0] = path.dirname(arg[0]);","    pRun[platform].apply(this, arg);","  };","","  module.exports = updater;",""],"l":{"1":1,"2":1,"3":1,"4":1,"5":1,"6":1,"7":1,"8":1,"9":1,"11":1,"12":1,"25":1,"26":0,"27":0,"41":1,"42":0,"47":1,"48":0,"49":0,"52":0,"53":0,"56":0,"57":0,"59":0,"62":0,"72":1,"73":0,"74":0,"75":0,"76":0,"77":0,"79":0,"80":0,"81":0,"84":0,"85":0,"86":0,"89":0,"92":0,"93":0,"94":0,"96":0,"97":0,"98":0,"100":1,"101":0,"102":0,"103":0,"107":0,"115":1,"116":0,"120":0,"121":0,"122":0,"130":1,"131":0,"132":0,"138":0,"150":1,"151":0,"160":1,"161":0,"169":0,"171":0,"172":0,"175":0,"179":0,"184":1,"189":0,"193":0,"194":0,"197":0,"198":0,"199":0,"200":0,"201":0,"203":0,"204":0,"208":0,"210":0,"212":0,"213":0,"214":0,"215":0,"216":0,"217":0,"219":0,"221":0,"226":1,"227":0,"228":0,"229":0,"230":0,"231":0,"232":0,"233":0,"234":0,"235":0,"238":0,"247":0,"250":0,"252":0,"253":0,"256":0,"260":0,"261":0,"262":0,"263":0,"264":0,"267":0,"272":0,"282":0,"283":0,"284":0,"285":0,"286":0,"288":0,"292":1,"302":1,"303":0,"306":1,"312":0,"313":0,"315":0,"317":0,"323":0,"329":0,"330":0,"331":0,"332":0,"333":0,"337":1,"342":1,"343":0,"346":0,"347":0,"349":0,"350":0,"351":0,"359":1,"360":0,"363":1,"368":0,"374":0,"375":0,"376":0,"378":1,"379":0,"380":0,"381":0,"382":0,"383":0,"386":0,"390":0,"393":1,"394":0,"396":1,"397":0,"398":0,"399":0,"401":0,"408":0,"411":1,"421":1,"422":0,"423":0,"424":0,"427":1}}}